[2026-06-11T02:27:24.104Z] [Socket Connection] socket.id=i3YeAMfTlY-6-wAyAAAB, userId=6a2a1d0b41c413273bc017c9
[2026-06-11T02:27:24.206Z] [Socket Connection] Syncing call state for userId=6a2a1d0b41c413273bc017c9: null
[2026-06-11T02:27:46.769Z] [Socket disconnect] socket.id=i3YeAMfTlY-6-wAyAAAB, disconnectedUserId=6a2a1d0b41c413273bc017c9
[2026-06-11T02:27:49.848Z] [Socket disconnect] User 6a2a1d0b41c413273bc017c9 marked offline after 3s heartbeat delay.
[2026-06-11T02:51:48.489Z] [Socket Connection] socket.id=5WcMdROj2ISffjCSAAAB, userId=6a2a22c20d1a011085731f50
[2026-06-11T02:51:48.581Z] [Socket Connection] Syncing call state for userId=6a2a22c20d1a011085731f50: null
[2026-06-11T02:52:03.136Z] [Socket disconnect] socket.id=5WcMdROj2ISffjCSAAAB, disconnectedUserId=6a2a22c20d1a011085731f50
[2026-06-11T02:52:06.233Z] [Socket disconnect] User 6a2a22c20d1a011085731f50 marked offline after 3s heartbeat delay.
[2026-06-17T09:23:24.296Z] [Socket Connection] socket.id=gvXDJDChC1YRV3liAAAB, userId=6a2a22c20d1a011085731f50
[2026-06-17T09:23:24.406Z] [Socket Connection] Syncing call state for userId=6a2a22c20d1a011085731f50: null
[2026-06-17T09:24:54.323Z] [Socket Connection] socket.id=Yst6n0f4tMox8kI5AAAB, userId=6a2a22c20d1a011085731f50
[2026-06-17T09:24:54.405Z] [Socket Connection] Syncing call state for userId=6a2a22c20d1a011085731f50: null
[2026-06-17T09:25:05.316Z] [Socket Connection] socket.id=72p8gWWEad3JAJ5WAAAB, userId=6a2a22c20d1a011085731f50
[2026-06-17T09:25:05.551Z] [Socket Connection] Syncing call state for userId=6a2a22c20d1a011085731f50: null
[2026-07-04T05:31:23.179Z] [Socket Connection] socket.id=d_YFbyEOE85DmYrjAAAB, userId=6a2a22c20d1a011085731f50
[2026-07-04T05:31:23.282Z] [Socket Connection] Syncing call state for userId=6a2a22c20d1a011085731f50: null
[2026-07-04T05:31:23.801Z] [Socket disconnect] socket.id=d_YFbyEOE85DmYrjAAAB, disconnectedUserId=6a2a22c20d1a011085731f50
[2026-07-04T05:31:26.853Z] [Socket disconnect] User 6a2a22c20d1a011085731f50 marked offline after 3s heartbeat delay.
[2026-07-04T05:35:31.900Z] [Socket Connection] socket.id=u0D13cYgOIsbQYv_AAAD, userId=69cb7bf71f0e4de3d6312ed4
[2026-07-04T05:35:31.971Z] [Socket Connection] Syncing call state for userId=69cb7bf71f0e4de3d6312ed4: null
[2026-07-04T05:35:45.053Z] [Socket disconnect] socket.id=u0D13cYgOIsbQYv_AAAD, disconnectedUserId=69cb7bf71f0e4de3d6312ed4
[2026-07-04T05:35:46.671Z] [Socket Connection] socket.id=ZIdToBujlFlzPVobAAAF, userId=69cb7bf71f0e4de3d6312ed4
[2026-07-04T05:35:46.681Z] [Socket Connection] Reconnect detected. Cancelled offline timeout for userId=69cb7bf71f0e4de3d6312ed4
[2026-07-04T05:35:46.685Z] [Socket Connection] Syncing call state for userId=69cb7bf71f0e4de3d6312ed4: null
[2026-07-04T05:37:30.828Z] [Socket disconnect] socket.id=ZIdToBujlFlzPVobAAAF, disconnectedUserId=69cb7bf71f0e4de3d6312ed4
[2026-07-04T05:37:33.939Z] [Socket disconnect] User 69cb7bf71f0e4de3d6312ed4 marked offline after 3s heartbeat delay.
[2026-07-04T05:37:52.600Z] [Socket Connection] socket.id=MjbYryrDDgi22YjGAAAH, userId=6a2a22c20d1a011085731f50
[2026-07-04T05:37:52.679Z] [Socket Connection] Syncing call state for userId=6a2a22c20d1a011085731f50: null
[2026-07-04T05:41:54.937Z] [Socket Connection] socket.id=IC0vg7AZU7vv0Vm4AAAJ, userId=69cb7bf71f0e4de3d6312ed4
[2026-07-04T05:41:54.991Z] [Socket Connection] Syncing call state for userId=69cb7bf71f0e4de3d6312ed4: null
[2026-07-04T05:42:01.845Z] [Socket disconnect] socket.id=IC0vg7AZU7vv0Vm4AAAJ, disconnectedUserId=69cb7bf71f0e4de3d6312ed4
[2026-07-04T05:42:04.912Z] [Socket disconnect] User 69cb7bf71f0e4de3d6312ed4 marked offline after 3s heartbeat delay.
[2026-07-04T05:47:37.693Z] [Socket disconnect] socket.id=MjbYryrDDgi22YjGAAAH, disconnectedUserId=6a2a22c20d1a011085731f50
[2026-07-04T05:47:40.768Z] [Socket disconnect] User 6a2a22c20d1a011085731f50 marked offline after 3s heartbeat delay.
